--- RUN: main\tests_organized\integration\test_all_functionality.py
--- CMD: C:\Users\hemja\OneDrive\Desktop\Last Cleanup\.venv\Scripts\python.exe "C:\Users\hemja\OneDrive\Desktop\Last Cleanup\main\tests_organized\integration\test_all_functionality.py"
--- OUTPUT ---
üß™ COMPREHENSIVE FUNCTIONALITY TEST
==================================================
üîê Testing User Authentication...
‚úÖ Buyer login: 302 (should be 302 - redirect)
‚úÖ Vendor login: 302 (should be 302 - redirect)

üë§ Testing Buyer Functionality...
‚ùå Error during testing: 'product_images' is not a registered tag library. Must be one of:
admin_list
admin_modify
admin_urls
cache
crispy_forms_field
crispy_forms_filters
crispy_forms_tags
crispy_forms_utils
i18n
l10n
log
static
tz
Traceback (most recent call last):
  File "C:\Users\hemja\OneDrive\Desktop\Last Cleanup\.venv\lib\site-packages\django\template\defaulttags.py", line 1026, in find_library
    return parser.libraries[name]
KeyError: 'product_images'

During handling of the above exception, another exception occurred:

Traceback (most recent call last):
  File "C:\Users\hemja\OneDrive\Desktop\Last Cleanup\main\tests_organized\integration\test_all_functionality.py", line 227, in <module>
    test_buyer_functionality(buyer_client)
  File "C:\Users\hemja\OneDrive\Desktop\Last Cleanup\main\tests_organized\integration\test_all_functionality.py", line 48, in test_buyer_functionality
    response = buyer_client.get("/products/")
  File "C:\Users\hemja\OneDrive\Desktop\Last Cleanup\.venv\lib\site-packages\django\test\client.py", line 927, in get
    response = super().get(path, data=data, secure=secure, headers=headers, **extra)
  File "C:\Users\hemja\OneDrive\Desktop\Last Cleanup\.venv\lib\site-packages\django\test\client.py", line 457, in get
    return self.generic(
  File "C:\Users\hemja\OneDrive\Desktop\Last Cleanup\.venv\lib\site-packages\django\test\client.py", line 609, in generic
    return self.request(**r)
  File "C:\Users\hemja\OneDrive\Desktop\Last Cleanup\.venv\lib\site-packages\django\test\client.py", line 891, in request
    self.check_exception(response)
  File "C:\Users\hemja\OneDrive\Desktop\Last Cleanup\.venv\lib\site-packages\django\test\client.py", line 738, in check_exception
    raise exc_value
  File "C:\Users\hemja\OneDrive\Desktop\Last Cleanup\.venv\lib\site-packages\django\core\handlers\exception.py", line 55, in inner
    response = get_response(request)
  File "C:\Users\hemja\OneDrive\Desktop\Last Cleanup\.venv\lib\site-packages\django\core\handlers\base.py", line 197, in _get_response
    response = wrapped_callback(request, *callback_args, **callback_kwargs)
  File "C:\Users\hemja\OneDrive\Desktop\Last Cleanup\main\shop\views.py", line 230, in product_list
    return render(
  File "C:\Users\hemja\OneDrive\Desktop\Last Cleanup\.venv\lib\site-packages\django\shortcuts.py", line 24, in render
    content = loader.render_to_string(template_name, context, request, using=using)
  File "C:\Users\hemja\OneDrive\Desktop\Last Cleanup\.venv\lib\site-packages\django\template\loader.py", line 61, in render_to_string
    template = get_template(template_name, using=using)
  File "C:\Users\hemja\OneDrive\Desktop\Last Cleanup\.venv\lib\site-packages\django\template\loader.py", line 15, in get_template
    return engine.get_template(template_name)
  File "C:\Users\hemja\OneDrive\Desktop\Last Cleanup\.venv\lib\site-packages\django\template\backends\django.py", line 33, in get_template
    return Template(self.engine.get_template(template_name), self)
  File "C:\Users\hemja\OneDrive\Desktop\Last Cleanup\.venv\lib\site-packages\django\template\engine.py", line 175, in get_template
    template, origin = self.find_template(template_name)
  File "C:\Users\hemja\OneDrive\Desktop\Last Cleanup\.venv\lib\site-packages\django\template\engine.py", line 157, in find_template
    template = loader.get_template(name, skip=skip)
  File "C:\Users\hemja\OneDrive\Desktop\Last Cleanup\.venv\lib\site-packages\django\template\loaders\cached.py", line 57, in get_template
    template = super().get_template(template_name, skip)
  File "C:\Users\hemja\OneDrive\Desktop\Last Cleanup\.venv\lib\site-packages\django\template\loaders\base.py", line 28, in get_template
    return Template(
  File "C:\Users\hemja\OneDrive\Desktop\Last Cleanup\.venv\lib\site-packages\django\template\base.py", line 154, in __init__
    self.nodelist = self.compile_nodelist()
  File "C:\Users\hemja\OneDrive\Desktop\Last Cleanup\.venv\lib\site-packages\django\template\base.py", line 200, in compile_nodelist
    return parser.parse()
  File "C:\Users\hemja\OneDrive\Desktop\Last Cleanup\.venv\lib\site-packages\django\template\base.py", line 513, in parse
    raise self.error(token, e)
  File "C:\Users\hemja\OneDrive\Desktop\Last Cleanup\.venv\lib\site-packages\django\template\base.py", line 511, in parse
    compiled_result = compile_func(self, token)
  File "C:\Users\hemja\OneDrive\Desktop\Last Cleanup\.venv\lib\site-packages\django\template\loader_tags.py", line 293, in do_extends
    nodelist = parser.parse()
  File "C:\Users\hemja\OneDrive\Desktop\Last Cleanup\.venv\lib\site-packages\django\template\base.py", line 513, in parse
    raise self.error(token, e)
  File "C:\Users\hemja\OneDrive\Desktop\Last Cleanup\.venv\lib\site-packages\django\template\base.py", line 511, in parse
    compiled_result = compile_func(self, token)
  File "C:\Users\hemja\OneDrive\Desktop\Last Cleanup\.venv\lib\site-packages\django\template\defaulttags.py", line 1088, in load
    lib = find_library(parser, name)
  File "C:\Users\hemja\OneDrive\Desktop\Last Cleanup\.venv\lib\site-packages\django\template\defaulttags.py", line 1028, in find_library
    raise TemplateSyntaxError(
django.template.exceptions.TemplateSyntaxError: 'product_images' is not a registered tag library. Must be one of:
admin_list
admin_modify
admin_urls
cache
crispy_forms_field
crispy_forms_filters
crispy_forms_tags
crispy_forms_utils
i18n
l10n
log
static
tz

--- EXIT CODE: 1
